2025-10-15T23:34:38.456+03:00  INFO 38029 --- [ATM] [restartedMain] com.ayhanunlu.AtmApplication             : Starting AtmApplication using Java 25 with PID 38029 (/Users/ayhanunlu/IdeaProjects/ATM/target/classes started by ayhanunlu in /Users/ayhanunlu/IdeaProjects/ATM)
2025-10-15T23:34:38.457+03:00  INFO 38029 --- [ATM] [restartedMain] com.ayhanunlu.AtmApplication             : No active profile set, falling back to 1 default profile: "default"
2025-10-15T23:34:38.473+03:00  INFO 38029 --- [ATM] [restartedMain] .e.DevToolsPropertyDefaultsPostProcessor : Devtools property defaults active! Set 'spring.devtools.add-properties' to 'false' to disable
2025-10-15T23:34:38.473+03:00  INFO 38029 --- [ATM] [restartedMain] .e.DevToolsPropertyDefaultsPostProcessor : For additional web related logging consider setting the 'logging.level.web' property to 'DEBUG'
2025-10-15T23:34:38.832+03:00  INFO 38029 --- [ATM] [restartedMain] .s.d.r.c.RepositoryConfigurationDelegate : Bootstrapping Spring Data JPA repositories in DEFAULT mode.
2025-10-15T23:34:38.848+03:00  INFO 38029 --- [ATM] [restartedMain] .s.d.r.c.RepositoryConfigurationDelegate : Finished Spring Data repository scanning in 12 ms. Found 1 JPA repository interface.
2025-10-15T23:34:39.020+03:00  INFO 38029 --- [ATM] [restartedMain] o.s.b.w.embedded.tomcat.TomcatWebServer  : Tomcat initialized with port 8080 (http)
2025-10-15T23:34:39.025+03:00  INFO 38029 --- [ATM] [restartedMain] o.apache.catalina.core.StandardService   : Starting service [Tomcat]
2025-10-15T23:34:39.025+03:00  INFO 38029 --- [ATM] [restartedMain] o.apache.catalina.core.StandardEngine    : Starting Servlet engine: [Apache Tomcat/10.1.46]
2025-10-15T23:34:39.039+03:00  INFO 38029 --- [ATM] [restartedMain] o.a.c.c.C.[Tomcat].[localhost].[/]       : Initializing Spring embedded WebApplicationContext
2025-10-15T23:34:39.039+03:00  INFO 38029 --- [ATM] [restartedMain] w.s.c.ServletWebServerApplicationContext : Root WebApplicationContext: initialization completed in 566 ms
2025-10-15T23:34:39.136+03:00  INFO 38029 --- [ATM] [restartedMain] o.hibernate.jpa.internal.util.LogHelper  : HHH000204: Processing PersistenceUnitInfo [name: default]
2025-10-15T23:34:39.157+03:00  INFO 38029 --- [ATM] [restartedMain] org.hibernate.Version                    : HHH000412: Hibernate ORM core version 6.6.29.Final
2025-10-15T23:34:39.168+03:00  INFO 38029 --- [ATM] [restartedMain] o.h.c.internal.RegionFactoryInitiator    : HHH000026: Second-level cache disabled
2025-10-15T23:34:39.267+03:00  INFO 38029 --- [ATM] [restartedMain] o.s.o.j.p.SpringPersistenceUnitInfo      : No LoadTimeWeaver setup: ignoring JPA class transformer
2025-10-15T23:34:39.280+03:00  INFO 38029 --- [ATM] [restartedMain] com.zaxxer.hikari.HikariDataSource       : HikariPool-1 - Starting...
2025-10-15T23:34:39.336+03:00  INFO 38029 --- [ATM] [restartedMain] com.zaxxer.hikari.pool.HikariPool        : HikariPool-1 - Added connection com.mysql.cj.jdbc.ConnectionImpl@216ea564
2025-10-15T23:34:39.336+03:00  INFO 38029 --- [ATM] [restartedMain] com.zaxxer.hikari.HikariDataSource       : HikariPool-1 - Start completed.
2025-10-15T23:34:39.355+03:00  WARN 38029 --- [ATM] [restartedMain] org.hibernate.orm.deprecation            : HHH90000025: MySQL8Dialect does not need to be specified explicitly using 'hibernate.dialect' (remove the property setting and it will be selected by default)
2025-10-15T23:34:39.356+03:00  WARN 38029 --- [ATM] [restartedMain] org.hibernate.orm.deprecation            : HHH90000026: MySQL8Dialect has been deprecated; use org.hibernate.dialect.MySQLDialect instead
2025-10-15T23:34:39.361+03:00  INFO 38029 --- [ATM] [restartedMain] org.hibernate.orm.connections.pooling    : HHH10001005: Database info:
	Database JDBC URL [Connecting through datasource 'HikariDataSource (HikariPool-1)']
	Database driver: undefined/unknown
	Database version: 8.0
	Autocommit mode: undefined/unknown
	Isolation level: undefined/unknown
	Minimum pool size: undefined/unknown
	Maximum pool size: undefined/unknown
2025-10-15T23:34:39.626+03:00  INFO 38029 --- [ATM] [restartedMain] o.h.e.t.j.p.i.JtaPlatformInitiator       : HHH000489: No JTA platform available (set 'hibernate.transaction.jta.platform' to enable JTA platform integration)
2025-10-15T23:34:39.654+03:00  INFO 38029 --- [ATM] [restartedMain] j.LocalContainerEntityManagerFactoryBean : Initialized JPA EntityManagerFactory for persistence unit 'default'
2025-10-15T23:34:39.772+03:00  INFO 38029 --- [ATM] [restartedMain] com.ayhanunlu.data.dto.BeanDto           : Before Bean is initialized Method works earlier
2025-10-15T23:34:39.812+03:00  WARN 38029 --- [ATM] [restartedMain] JpaBaseConfiguration$JpaWebConfiguration : spring.jpa.open-in-view is enabled by default. Therefore, database queries may be performed during view rendering. Explicitly configure spring.jpa.open-in-view to disable this warning
2025-10-15T23:34:40.014+03:00  INFO 38029 --- [ATM] [restartedMain] o.s.b.d.a.OptionalLiveReloadServer       : LiveReload server is running on port 35729
2025-10-15T23:34:40.016+03:00  INFO 38029 --- [ATM] [restartedMain] o.s.b.a.e.web.EndpointLinksResolver      : Exposing 1 endpoint beneath base path '/actuator'
2025-10-15T23:34:40.044+03:00  INFO 38029 --- [ATM] [restartedMain] o.s.b.w.embedded.tomcat.TomcatWebServer  : Tomcat started on port 8080 (http) with context path '/'
2025-10-15T23:34:40.050+03:00  INFO 38029 --- [ATM] [restartedMain] com.ayhanunlu.AtmApplication             : Started AtmApplication in 1.731 seconds (process running for 1.958)
2025-10-15T23:34:40.315+03:00  INFO 38029 --- [ATM] [RMI TCP Connection(1)-192.168.1.30] o.a.c.c.C.[Tomcat].[localhost].[/]       : Initializing Spring DispatcherServlet 'dispatcherServlet'
2025-10-15T23:34:40.315+03:00  INFO 38029 --- [ATM] [RMI TCP Connection(1)-192.168.1.30] o.s.web.servlet.DispatcherServlet        : Initializing Servlet 'dispatcherServlet'
2025-10-15T23:34:40.316+03:00  INFO 38029 --- [ATM] [RMI TCP Connection(1)-192.168.1.30] o.s.web.servlet.DispatcherServlet        : Completed initialization in 0 ms
