Id: 1 | 2025-10-18 23:04:16 | INFO | User: a | Action: BANK LOGIN | Amount: 0 | Receiver: unknown receiver | Info: Successful
Id: 1 | 2025-10-18 23:06:41 | INFO | User: a | Action: BANK LOGIN | Amount: 0 | Receiver: unknown receiver | Info: Successful
Id: 1 | 2025-10-18 23:12:03 | INFO | User: a | Action: BANK LOGIN | Amount: 0 | Receiver: unknown receiver | Info: Successful
Id: 2 | 2025-10-18 23:13:03 | INFO | User: a | Action: LOGOUT | Amount: 0 | Receiver: unknown receiver | Info: Successful
Id: 3 | 2025-10-18 23:13:09 | INFO | User: b | Action: USER LOGIN | Amount: 0 | Receiver: unknown receiver | Info: Successful
Id: 4 | 2025-10-18 23:13:19 | INFO | User: b | Action: DEPOSIT | Amount: 100 | Receiver: unknown receiver | Info: successful
Id: 5 | 2025-10-18 23:13:29 | INFO | User: b | Action: TRANSFER | Amount: 200 | Receiver: c | Info: successful
Id: 6 | 2025-10-18 23:13:32 | INFO | User: b | Action: LOGOUT | Amount: 0 | Receiver: unknown receiver | Info: Successful
Id: 7 | 2025-10-18 23:13:34 | INFO | User: a | Action: BANK LOGIN | Amount: 0 | Receiver: unknown receiver | Info: Successful
Id: 1 | 2025-10-18 23:24:36 | INFO | User: a | Action: BANK LOGIN | Amount: 0 | Receiver: unknown receiver | Info: Successful
Id: 2 | 2025-10-18 23:28:38 | INFO | User: a | Action: LOGOUT | Amount: 0 | Receiver: unknown receiver | Info: Successful
Id: 3 | 2025-10-18 23:28:44 | INFO | User: b | Action: USER LOGIN | Amount: 0 | Receiver: unknown receiver | Info: Successful
Id: 4 | 2025-10-18 23:28:49 | INFO | User: b | Action: DEPOSIT | Amount: 1 | Receiver: unknown receiver | Info: successful
Id: 5 | 2025-10-18 23:28:50 | INFO | User: b | Action: DEPOSIT | Amount: 1 | Receiver: unknown receiver | Info: successful
Id: 6 | 2025-10-18 23:28:51 | INFO | User: b | Action: DEPOSIT | Amount: 1 | Receiver: unknown receiver | Info: successful
Id: 7 | 2025-10-18 23:28:52 | INFO | User: b | Action: DEPOSIT | Amount: 1 | Receiver: unknown receiver | Info: successful
Id: 8 | 2025-10-18 23:28:54 | INFO | User: b | Action: DEPOSIT | Amount: 1 | Receiver: unknown receiver | Info: successful
Id: 9 | 2025-10-18 23:28:55 | INFO | User: b | Action: DEPOSIT | Amount: 1 | Receiver: unknown receiver | Info: successful
Id: 10 | 2025-10-18 23:28:56 | INFO | User: b | Action: DEPOSIT | Amount: 1 | Receiver: unknown receiver | Info: successful
Id: 11 | 2025-10-18 23:28:58 | INFO | User: b | Action: DEPOSIT | Amount: 1 | Receiver: unknown receiver | Info: successful
Id: 12 | 2025-10-18 23:28:59 | INFO | User: b | Action: DEPOSIT | Amount: 1 | Receiver: unknown receiver | Info: successful
Id: 13 | 2025-10-18 23:29:00 | INFO | User: b | Action: DEPOSIT | Amount: 1 | Receiver: unknown receiver | Info: successful
Id: 14 | 2025-10-18 23:29:04 | INFO | User: b | Action: WITHDRAW | Amount: 1 | Receiver: unknown receiver | Info: successful
Id: 15 | 2025-10-18 23:29:07 | INFO | User: b | Action: WITHDRAW | Amount: 12 | Receiver: unknown receiver | Info: successful
Id: 16 | 2025-10-18 23:29:09 | INFO | User: b | Action: WITHDRAW | Amount: 12 | Receiver: unknown receiver | Info: successful
Id: 17 | 2025-10-18 23:29:11 | INFO | User: b | Action: WITHDRAW | Amount: 12 | Receiver: unknown receiver | Info: successful
Id: 18 | 2025-10-18 23:29:13 | INFO | User: b | Action: WITHDRAW | Amount: 12 | Receiver: unknown receiver | Info: successful
Id: 19 | 2025-10-18 23:29:15 | INFO | User: b | Action: WITHDRAW | Amount: 12 | Receiver: unknown receiver | Info: successful
Id: 20 | 2025-10-18 23:29:17 | INFO | User: b | Action: WITHDRAW | Amount: 12 | Receiver: unknown receiver | Info: successful
Id: 21 | 2025-10-18 23:29:18 | INFO | User: b | Action: WITHDRAW | Amount: 12 | Receiver: unknown receiver | Info: successful
Id: 22 | 2025-10-18 23:29:20 | INFO | User: b | Action: WITHDRAW | Amount: 12 | Receiver: unknown receiver | Info: successful
Id: 23 | 2025-10-18 23:29:22 | INFO | User: b | Action: WITHDRAW | Amount: 12 | Receiver: unknown receiver | Info: successful
Id: 24 | 2025-10-18 23:29:25 | INFO | User: b | Action: LOGOUT | Amount: 0 | Receiver: unknown receiver | Info: Successful
Id: 25 | 2025-10-18 23:29:27 | INFO | User: a | Action: BANK LOGIN | Amount: 0 | Receiver: unknown receiver | Info: Successful
Id: 26 | 2025-10-18 23:38:54 | INFO | User: a | Action: LOGOUT | Amount: 0 | Receiver: unknown receiver | Info: Successful
Id: 27 | 2025-10-18 23:38:55 | INFO | User: a | Action: BANK LOGIN | Amount: 0 | Receiver: unknown receiver | Info: Successful
Id: 28 | 2025-10-18 23:38:58 | INFO | User: a | Action: LOGOUT | Amount: 0 | Receiver: unknown receiver | Info: Successful
Id: 29 | 2025-10-18 23:39:04 | INFO | User: c | Action: USER LOGIN | Amount: 0 | Receiver: unknown receiver | Info: Successful
Id: 30 | 2025-10-18 23:39:12 | INFO | User: c | Action: DEPOSIT | Amount: 3 | Receiver: unknown receiver | Info: successful
Id: 31 | 2025-10-18 23:39:15 | INFO | User: c | Action: DEPOSIT | Amount: 3 | Receiver: unknown receiver | Info: successful
Id: 32 | 2025-10-18 23:39:23 | INFO | User: c | Action: TRANSFER | Amount: 32 | Receiver: b | Info: successful
Id: 33 | 2025-10-18 23:39:27 | INFO | User: c | Action: TRANSFER | Amount: 22 | Receiver: b | Info: successful
Id: 34 | 2025-10-18 23:39:34 | INFO | User: c | Action: TRANSFER | Amount: 21 | Receiver: b | Info: successful
Id: 35 | 2025-10-18 23:39:39 | INFO | User: c | Action: LOGOUT | Amount: 0 | Receiver: unknown receiver | Info: Successful
Id: 36 | 2025-10-18 23:39:45 | INFO | User: b | Action: USER LOGIN | Amount: 0 | Receiver: unknown receiver | Info: Successful
Id: 37 | 2025-10-18 23:39:50 | INFO | User: b | Action: WITHDRAW | Amount: 22 | Receiver: unknown receiver | Info: successful
Id: 38 | 2025-10-18 23:39:52 | INFO | User: b | Action: WITHDRAW | Amount: 12 | Receiver: unknown receiver | Info: successful
Id: 39 | 2025-10-18 23:39:53 | INFO | User: b | Action: LOGOUT | Amount: 0 | Receiver: unknown receiver | Info: Successful
Id: 40 | 2025-10-18 23:39:54 | INFO | User: a | Action: BANK LOGIN | Amount: 0 | Receiver: unknown receiver | Info: Successful
Id: 41 | 2025-10-18 23:40:26 | INFO | User: a | Action: LOGOUT | Amount: 0 | Receiver: unknown receiver | Info: Successful
Id: 42 | 2025-10-18 23:40:31 | INFO | User: b | Action: USER LOGIN | Amount: 0 | Receiver: unknown receiver | Info: Successful
Id: 43 | 2025-10-18 23:40:35 | INFO | User: b | Action: DEPOSIT | Amount: 1 | Receiver: unknown receiver | Info: successful
Id: 44 | 2025-10-18 23:40:40 | INFO | User: b | Action: TRANSFER | Amount: 2 | Receiver: c | Info: successful
Id: 45 | 2025-10-18 23:40:43 | INFO | User: b | Action: WITHDRAW | Amount: 12 | Receiver: unknown receiver | Info: successful
Id: 46 | 2025-10-18 23:40:46 | INFO | User: b | Action: WITHDRAW | Amount: 11 | Receiver: unknown receiver | Info: successful
Id: 47 | 2025-10-18 23:40:48 | INFO | User: b | Action: WITHDRAW | Amount: 12 | Receiver: unknown receiver | Info: successful
Id: 48 | 2025-10-18 23:40:50 | INFO | User: b | Action: WITHDRAW | Amount: 111 | Receiver: unknown receiver | Info: successful
Id: 49 | 2025-10-18 23:40:52 | INFO | User: b | Action: WITHDRAW | Amount: 123 | Receiver: unknown receiver | Info: successful
Id: 50 | 2025-10-18 23:40:54 | INFO | User: b | Action: WITHDRAW | Amount: 123 | Receiver: unknown receiver | Info: successful
Id: 51 | 2025-10-18 23:40:55 | INFO | User: b | Action: LOGOUT | Amount: 0 | Receiver: unknown receiver | Info: Successful
Id: 52 | 2025-10-18 23:40:56 | INFO | User: a | Action: BANK LOGIN | Amount: 0 | Receiver: unknown receiver | Info: Successful
